<?xml version="1.0" encoding="UTF-8"?>
<!-- Generated by org.testng.reporters.JUnitReportReporter -->
<testsuite hostname="LAPTOP-F1AB4M7S" failures="0" tests="3" name="syamiliacademy.MotherSparsh.Test.BaseTest" time="6.220" errors="0" timestamp="2023-07-04T12:38:05 IST" skipped="1">
  <testcase classname="syamiliacademy.MotherSparsh.Test.BaseTest" name="clickAccountBtnTest" time="3.000"/>
  <system-out/>
  <testcase classname="syamiliacademy.MotherSparsh.Test.BaseTest" name="loginTest" time="3.220"/>
  <system-out/>
  <testcase classname="syamiliacademy.MotherSparsh.Test.BaseTest" name="createAcctLinkTest">
    <skipped/>
  </testcase> <!-- createAcctLinkTest -->
  <system-out/>
</testsuite> <!-- syamiliacademy.MotherSparsh.Test.BaseTest -->
